Welcome to PNEUbot
Muscle Initialisation
Muscle Initialisation
Adaptive MPC Initialisation
OneAxis Initialisation
Initialisation Finished
Running MPC Compute
First layer, max layers 1
Setpoint 0.050000
State vector
0.050000 0.000000 413685.000000 413685.000000
Process model mode 1
V_a calculation P_1 413685.000000, P_2 101325.000000
V_a second 0.001082
V_a calculation P_1 413685.000000, P_2 413685.000000
V_a fisrt 0.000000
Linearise
Linearised mat
0.05 -209195733513467397668864.00 11.00 -0.00
0.00 0.00 0.00 0.00
0.00 -99079191802150912.00 0.00 0.00
0.00 -99079191802150912.00 0.00 0.00
Output state y   0.002500
Output state dy  -0.000000
Output state P_m1        4548649.000000
Output state P_m2        -33.895985
Input Error -0.047500
State Error
-0.047500 -0.000000 4134964.000000 -413718.906250
Process model mode 2
V_a calculation P_1 413685.000000, P_2 413685.000000
V_a fisrt 0.000000
V_a calculation P_1 413685.000000, P_2 101325.000000
V_a second 0.001082
Linearise
Linearised mat
0.05 -209195733513467397668864.00 -0.00 22.39
0.00 0.00 0.00 0.00
0.00 -99079191802150912.00 0.00 0.00
0.00 -99079191802150912.00 0.00 0.00
Output state y   0.002500
Output state dy  -0.000000
Output state P_m1        -27.832724
Output state P_m2        9262400.000000
Input Error -0.047500
State Error
-0.047500 -0.000000 -413712.843750 8848715.000000
Process model mode 3
V_a calculation P_1 413685.000000, P_2 413685.000000
V_a fisrt 0.000000
V_a calculation P_1 413685.000000, P_2 413685.000000
V_a fisrt 0.000000
Linearise
Linearised mat
0.05 -209195733513467397668864.00 -0.00 -0.00
0.00 0.00 0.00 0.00
0.00 -99079191802150912.00 0.00 0.00
0.00 -99079191802150912.00 0.00 0.00
Output state y   0.002500
Output state dy  -0.000000
Output state P_m1        -27.832724
Output state P_m2        -33.895985
Input Error -0.047500
State Error
-0.047500 -0.000000 -413712.843750 -413718.906250
Final layer 1 1
Process model mode 1
V_a calculation P_1 4548649.000000, P_2 101325.000000
V_a second 0.011902
V_a calculation P_1 413685.000000, P_2 -33.895985
V_a second 0.001082
Linearise
Linearised mat
0.00 -1528874560544345249489616896.00 166.97 15.74
0.00 0.00 0.00 0.00
0.00 -2140423823981063508515094528.00 0.00 0.00
0.00 -2140423823981063508515094528.00 0.00 0.00
Output state y   0.000006
Output state dy  0.000000
Output state P_m1        759469120.000000
Output state P_m2        -533.454529
Input Error -0.049994
State Error
-0.002494 0.000000 754920448.000000 -499.558533
Process model mode 2
V_a calculation P_1 413685.000000, P_2 4548649.000000
V_a fisrt nan
V_a calculation P_1 -33.895985, P_2 101325.000000
V_a second -0.000000
Linearise
Linearised mat
0.00 -1528874560544345249489616896.00 nan -0.00
0.00 0.00 0.00 0.00
0.00 -2140423823981063508515094528.00 0.00 0.00
0.00 -2140423823981063508515094528.00 0.00 0.00
Output state y   0.000006
Output state dy  0.000000
Output state P_m1        nan
Output state P_m2        0.046285
Input Error -0.049994
State Error
-0.002494 0.000000 nan 33.942268
Process model mode 3
V_a calculation P_1 413685.000000, P_2 4548649.000000
V_a fisrt nan
V_a calculation P_1 413685.000000, P_2 -33.895985
V_a second 0.001082
Linearise
Linearised mat
0.00 -1528874560544345249489616896.00 nan 15.74
0.00 0.00 0.00 0.00
0.00 -2140423823981063508515094528.00 0.00 0.00
0.00 -2140423823981063508515094528.00 0.00 0.00
Output state y   0.000006
Output state dy  0.000000
Output state P_m1        nan
Output state P_m2        -533.454529
Input Error -0.049994
State Error
-0.002494 0.000000 nan -499.558533
Final State Error 0.000000
Final Input Error 0.000000
Final layer 2 1
Process model mode 1
V_a calculation P_1 -27.832724, P_2 101325.000000
V_a second -0.000000
V_a calculation P_1 413685.000000, P_2 9262400.000000
V_a fisrt nan
Linearise
Linearised mat
0.00 -26286705932957389163115577344.00 -0.00 nan
0.00 0.00 0.00 0.00
0.00 36801385472720455106574680064.00 0.00 0.00
0.00 36801385472720455106574680064.00 0.00 0.00
Output state y   0.000006
Output state dy  -0.000000
Output state P_m1        0.030528
Output state P_m2        nan
Input Error -0.049994
State Error
-0.002494 0.000000 27.863251 nan
Process model mode 2
V_a calculation P_1 413685.000000, P_2 -27.832724
V_a second 0.001082
V_a calculation P_1 9262400.000000, P_2 101325.000000
V_a second 0.024237
Linearise
Linearised mat
0.00 -26286705932957389163115577344.00 15.18 352.37
0.00 0.00 0.00 0.00
0.00 36801385472720455106574680064.00 0.00 0.00
0.00 36801385472720455106574680064.00 0.00 0.00
Output state y   0.000006
Output state dy  -0.000000
Output state P_m1        -422.638214
Output state P_m2        3263837184.000000
Input Error -0.049994
State Error
-0.002494 0.000000 -394.805481 3254574848.000000
Process model mode 3
V_a calculation P_1 413685.000000, P_2 -27.832724
V_a second 0.001082
V_a calculation P_1 413685.000000, P_2 9262400.000000
V_a fisrt nan
Linearise
Linearised mat
0.00 -26286705932957389163115577344.00 15.18 nan
0.00 0.00 0.00 0.00
0.00 36801385472720455106574680064.00 0.00 0.00
0.00 36801385472720455106574680064.00 0.00 0.00
Output state y   0.000006
Output state dy  -0.000000
Output state P_m1        -422.638214
Output state P_m2        nan
Input Error -0.049994
State Error
-0.002494 0.000000 -394.805481 nan
Final State Error 0.000000
Final Input Error 0.000000
Final layer 3 1
Process model mode 1
V_a calculation P_1 -27.832724, P_2 101325.000000
V_a second -0.000000
V_a calculation P_1 413685.000000, P_2 -33.895985
V_a second 0.001082
Linearise
Linearised mat
0.00 -6513251.00 -0.00 15.74
0.00 0.00 0.00 0.00
0.00 3510994.50 0.00 0.00
0.00 3510987.50 0.00 0.00
Output state y   0.000006
Output state dy  -0.000000
Output state P_m1        0.030528
Output state P_m2        -533.454529
Input Error -0.049994
State Error
-0.002494 0.000000 27.863251 -499.558533
Process model mode 2
V_a calculation P_1 413685.000000, P_2 -27.832724
V_a second 0.001082
V_a calculation P_1 -33.895985, P_2 101325.000000
V_a second -0.000000
Linearise
Linearised mat
0.00 -6513251.00 15.18 -0.00
0.00 0.00 0.00 0.00
0.00 3510994.50 0.00 0.00
0.00 3510987.50 0.00 0.00
Output state y   0.000006
Output state dy  -0.000000
Output state P_m1        -422.638214
Output state P_m2        0.046285
Input Error -0.049994
State Error
-0.002494 0.000000 -394.8054ERROR:
